c:\workspace\oa4j\native\driver\build-pre318\wccoajavadrv.dir\debug\wccoajavaalertservice.obj
c:\workspace\oa4j\native\driver\build-pre318\wccoajavadrv.dir\debug\wccoajavaconnection.obj
c:\workspace\oa4j\native\driver\build-pre318\wccoajavadrv.dir\debug\wccoajavatrans.obj
c:\workspace\oa4j\native\driver\build-pre318\wccoajavadrv.dir\debug\wccoajavaresources.obj
c:\workspace\oa4j\native\driver\build-pre318\wccoajavadrv.dir\debug\wccoajavahwservice.obj
c:\workspace\oa4j\native\driver\build-pre318\wccoajavadrv.dir\debug\wccoajavahwmapper.obj
c:\workspace\oa4j\native\driver\build-pre318\wccoajavadrv.dir\debug\wccoajavadrvintdp.obj
c:\workspace\oa4j\native\driver\build-pre318\wccoajavadrv.dir\debug\wccoajavadrv.obj
c:\workspace\oa4j\native\driver\build-pre318\wccoajavadrv.dir\debug\at_rocworks_oa4j_jni_driver.obj
c:\workspace\oa4j\native\driver\build-pre318\wccoajavadrv.dir\debug\addverinfo.obj
c:\workspace\oa4j\native\driver\build-pre318\wccoajavadrv.dir\debug\java.obj
c:\workspace\oa4j\native\driver\build-pre318\debug\wccoajavadrv.dll
c:\workspace\oa4j\native\driver\build-pre318\debug\wccoajavadrv.pdb
c:\workspace\oa4j\native\driver\build-pre318\wccoajavadrv.dir\debug\versinfo.res
c:\workspace\oa4j\native\driver\build-pre318\debug\wccoajavadrv.lib
c:\workspace\oa4j\native\driver\build-pre318\debug\wccoajavadrv.exp
c:\workspace\oa4j\native\driver\build-pre318\wccoajavadrv.dir\debug\wccoajavadrv.tlog\cl.command.1.tlog
c:\workspace\oa4j\native\driver\build-pre318\wccoajavadrv.dir\debug\wccoajavadrv.tlog\cl.read.1.tlog
c:\workspace\oa4j\native\driver\build-pre318\wccoajavadrv.dir\debug\wccoajavadrv.tlog\cl.write.1.tlog
c:\workspace\oa4j\native\driver\build-pre318\wccoajavadrv.dir\debug\wccoajavadrv.tlog\link.command.1.tlog
c:\workspace\oa4j\native\driver\build-pre318\wccoajavadrv.dir\debug\wccoajavadrv.tlog\link.read.1.tlog
c:\workspace\oa4j\native\driver\build-pre318\wccoajavadrv.dir\debug\wccoajavadrv.tlog\link.write.1.tlog
c:\workspace\oa4j\native\driver\build-pre318\wccoajavadrv.dir\debug\wccoajavadrv.tlog\rc.command.1.tlog
c:\workspace\oa4j\native\driver\build-pre318\wccoajavadrv.dir\debug\wccoajavadrv.tlog\rc.read.1.tlog
c:\workspace\oa4j\native\driver\build-pre318\wccoajavadrv.dir\debug\wccoajavadrv.tlog\rc.write.1.tlog
c:\workspace\oa4j\native\driver\build-pre318\wccoajavadrv.dir\debug\wccoajavadrv.tlog\wccoajavadrv.write.1u.tlog
